TN:
SF:script/Deploy.s.sol
FN:8,Deploy.run
FNDA:0,Deploy.run
DA:9,0
DA:9,0
DA:9,0
DA:10,0
DA:10,0
FNF:1
FNH:0
LF:2
LH:0
BRF:0
BRH:0
end_of_record
TN:
SF:src/week1/TokenWithGodMode.sol
FN:19,TokenWithGodMode.onlyGod
FNDA:2,TokenWithGodMode.onlyGod
DA:20,2
DA:20,2
BRDA:20,0,0,1
BRDA:20,0,1,1
DA:23,1
DA:23,1
FN:27,TokenWithGodMode.
FNDA:2,TokenWithGodMode.
DA:28,2
DA:28,2
DA:29,2
DA:29,2
FN:32,TokenWithGodMode.transfer
FNDA:2,TokenWithGodMode.transfer
DA:33,1
DA:33,1
DA:34,1
DA:34,1
FNF:3
FNH:3
LF:6
LH:6
BRF:2
BRH:2
end_of_record
TN:
SF:src/week1/TokenWithSanctions.sol
FN:27,TokenWithSanctions.onlyAdmin
FNDA:4,TokenWithSanctions.onlyAdmin
DA:28,4
DA:28,4
BRDA:28,0,0,3
BRDA:28,0,1,1
DA:31,1
DA:31,1
FN:35,TokenWithSanctions.
FNDA:3,TokenWithSanctions.
DA:36,3
DA:36,3
DA:37,3
DA:37,3
FN:50,TokenWithSanctions.setBlacklist
FNDA:4,TokenWithSanctions.setBlacklist
DA:51,3
DA:51,3
DA:52,3
DA:52,3
FN:55,TokenWithSanctions.isBlacklistedAccount
FNDA:2,TokenWithSanctions.isBlacklistedAccount
DA:56,2
DA:56,2
DA:56,2
FN:70,TokenWithSanctions._update
FNDA:6,TokenWithSanctions._update
DA:71,6
DA:71,6
BRDA:71,1,0,1
BRDA:71,1,1,5
DA:72,1
DA:72,1
DA:74,5
DA:74,5
BRDA:74,2,0,1
BRDA:74,2,1,4
DA:75,1
DA:75,1
DA:77,4
DA:77,4
DA:77,4
FNF:5
FNH:5
LF:12
LH:12
BRF:6
BRH:6
end_of_record
TN:
SF:src/week1/bondingCurve/BondingCurve.sol
FN:35,BondingCurve.ensureDeadline
FNDA:1,BondingCurve.ensureDeadline
DA:36,1
DA:36,1
BRDA:36,0,0,-
BRDA:36,0,1,2
DA:37,0
DA:37,0
FN:42,BondingCurve.
FNDA:0,BondingCurve.
DA:43,0
DA:43,0
DA:43,0
DA:43,0
DA:43,0
DA:43,0
BRDA:43,1,0,-
BRDA:43,1,1,-
DA:44,0
DA:44,0
DA:46,0
DA:46,0
DA:47,0
DA:47,0
FN:50,BondingCurve.buyTokens
FNDA:2,BondingCurve.buyTokens
DA:52,2
DA:52,2
DA:52,2
DA:53,2
DA:53,2
BRDA:53,2,0,-
BRDA:53,2,1,2
DA:54,0
DA:54,0
DA:56,2
DA:56,2
DA:56,2
DA:57,2
DA:57,2
BRDA:57,3,0,-
BRDA:57,3,1,2
DA:58,0
DA:58,0
DA:61,2
DA:61,2
DA:61,2
DA:62,2
DA:62,2
BRDA:62,4,0,-
BRDA:62,4,1,-
DA:63,0
DA:63,0
DA:63,0
DA:64,0
DA:64,0
BRDA:64,5,0,-
BRDA:64,5,1,-
DA:64,0
DA:66,2
DA:66,2
DA:67,2
DA:67,2
FN:70,BondingCurve.sellTokens
FNDA:1,BondingCurve.sellTokens
DA:72,1
DA:72,1
DA:72,1
BRDA:72,6,0,-
BRDA:72,6,1,1
DA:73,0
DA:73,0
DA:76,1
DA:76,1
DA:76,1
DA:77,1
DA:77,1
BRDA:77,7,0,-
BRDA:77,7,1,1
DA:78,0
DA:78,0
DA:80,1
DA:80,1
BRDA:80,8,0,-
BRDA:80,8,1,1
DA:81,0
DA:81,0
DA:83,1
DA:83,1
DA:84,1
DA:84,1
DA:84,1
DA:85,1
DA:85,1
BRDA:85,9,0,-
BRDA:85,9,1,1
DA:85,0
DA:86,1
DA:86,1
FN:89,BondingCurve.getBuyPriceForTokens
FNDA:1,BondingCurve.getBuyPriceForTokens
DA:91,3
DA:91,3
DA:91,3
DA:92,3
DA:92,3
DA:92,3
DA:94,3
DA:94,3
FN:97,BondingCurve.getNoOfTokensThatCanBeMintedWith
FNDA:2,BondingCurve.getNoOfTokensThatCanBeMintedWith
DA:98,4
DA:98,4
DA:98,4
DA:99,4
DA:99,4
DA:99,4
DA:100,4
DA:100,4
BRDA:100,10,0,-
BRDA:100,10,1,4
DA:100,0
DA:102,4
DA:102,4
DA:102,4
DA:102,4
DA:102,4
DA:103,4
DA:103,4
DA:103,4
DA:103,4
FN:106,BondingCurve.getValueToReceiveFromTokens
FNDA:1,BondingCurve.getValueToReceiveFromTokens
DA:107,2
DA:107,2
DA:107,2
DA:108,2
DA:108,2
BRDA:108,11,0,-
BRDA:108,11,1,2
DA:109,0
DA:109,0
DA:111,2
DA:111,2
DA:111,2
DA:112,2
DA:112,2
FN:116,BondingCurve.getCurrentLiquidity
FNDA:0,BondingCurve.getCurrentLiquidity
DA:117,0
DA:117,0
FN:120,BondingCurve.getTotalSupplyOfTokenMinted
FNDA:0,BondingCurve.getTotalSupplyOfTokenMinted
DA:121,9
DA:121,9
DA:121,9
FN:124,BondingCurve.sqrt
FNDA:0,BondingCurve.sqrt
FNF:10
FNH:6
LF:44
LH:30
BRF:24
BRH:9
end_of_record
TN:
SF:src/week1/bondingCurve/Token.sol
FN:17,Token.
FNDA:6,Token.
FN:19,Token.decimals
FNDA:3,Token.decimals
DA:20,3
DA:20,3
FN:23,Token.mint
FNDA:2,Token.mint
DA:24,2
DA:24,2
DA:25,2
DA:25,2
DA:26,2
DA:26,2
FN:29,Token.burn
FNDA:1,Token.burn
DA:30,1
DA:30,1
DA:31,1
DA:31,1
DA:32,1
DA:32,1
FN:35,Token._validateInput
FNDA:3,Token._validateInput
DA:37,3
DA:37,3
BRDA:37,0,0,-
BRDA:37,0,1,3
DA:38,0
DA:38,0
FNF:5
FNH:5
LF:9
LH:8
BRF:2
BRH:1
end_of_record
TN:
SF:src/week1/escrow/UntrustedEscrow.sol
FN:26,UntrustedEscrow.depositFor
FNDA:0,UntrustedEscrow.depositFor
DA:27,0
BRDA:27,0,0,-
BRDA:27,0,1,-
DA:28,0
DA:28,0
DA:30,0
DA:30,0
DA:31,0
DA:31,0
DA:32,0
DA:32,0
DA:33,0
DA:33,0
FN:36,UntrustedEscrow.withdraw
FNDA:0,UntrustedEscrow.withdraw
DA:37,0
DA:37,0
BRDA:37,1,0,-
BRDA:37,1,1,-
DA:38,0
DA:38,0
DA:40,0
DA:40,0
DA:40,0
BRDA:40,2,0,-
BRDA:40,2,1,-
DA:41,0
DA:41,0
DA:43,0
DA:43,0
DA:44,0
DA:44,0
DA:44,0
DA:45,0
DA:45,0
FNF:2
FNH:0
LF:13
LH:0
BRF:6
BRH:0
end_of_record
